<?xml version="1.0" encoding="UTF-8"?>
<!-- Generated by org.testng.reporters.JUnitXMLReporter -->
<testsuite ignored="0" hostname="DESKTOP-NJCO9NQ" failures="0" tests="4" name="Test1" time="0.104" errors="0" timestamp="2025-10-23T15:05:53 IST">
  <testcase classname="testng_43rdvideo.C1" name="test1" time="0.018"/>
  <testcase classname="testng_43rdvideo.C2" name="test1" time="0.004"/>
  <testcase classname="testng_43rdvideo.C3" name="test1" time="0.005"/>
  <testcase classname="testng_43rdvideo.C3" name="test2" time="0.003"/>
</testsuite> <!-- Test1 -->
