<?xml version="1.0" encoding="UTF-8"?>
<!-- Generated by org.testng.reporters.JUnitReportReporter -->
<testsuite hostname="DESKTOP-NJCO9NQ" failures="0" tests="1" name="com.rakesh.selenium.selenium_with_java.FinalProject.Blahblah" time="60.625" errors="0" timestamp="2025-11-06T14:58:57 IST" skipped="0">
  <testcase classname="com.rakesh.selenium.selenium_with_java.FinalProject.Blahblah" name="setup" time="60.625"/>
</testsuite> <!-- com.rakesh.selenium.selenium_with_java.FinalProject.Blahblah -->
