<?xml version="1.0" encoding="UTF-8"?>
<testng-results ignored="0" total="1" passed="1" failed="0" skipped="0">
  <reporter-output>
  </reporter-output>
  <suite started-at="2025-10-23T17:35:20 IST" name="Default suite" finished-at="2025-10-23T17:35:20 IST" duration-ms="90">
    <groups>
    </groups>
    <test started-at="2025-10-23T17:35:20 IST" name="Default test" finished-at="2025-10-23T17:35:20 IST" duration-ms="90">
      <class name="com.rakesh.selenium.selenium_with_java.Soft_Assertion_5">
        <test-method signature="soft_assertion()[pri:0, instance:com.rakesh.selenium.selenium_with_java.Soft_Assertion_5@3b69e7d1]" started-at="2025-10-23T17:35:20 IST" name="soft_assertion" finished-at="2025-10-23T17:35:20 IST" duration-ms="32" status="PASS">
          <reporter-output>
          </reporter-output>
        </test-method> <!-- soft_assertion -->
      </class> <!-- com.rakesh.selenium.selenium_with_java.Soft_Assertion_5 -->
    </test> <!-- Default test -->
  </suite> <!-- Default suite -->
</testng-results>
