<?xml version="1.0" encoding="UTF-8"?>
<!-- Generated by org.testng.reporters.JUnitXMLReporter -->
<testsuite ignored="0" hostname="DESKTOP-NJCO9NQ" failures="0" tests="5" name="Default test" time="33.327" errors="0" timestamp="2025-10-13T06:24:34 IST">
  <testcase classname="com.rakesh.selenium.selenium_with_java.FinalProject" name="openWebsite" time="10.269"/>
  <testcase classname="com.rakesh.selenium.selenium_with_java.FinalProject" name="textBoxAndAlertTest" time="2.445"/>
  <testcase classname="com.rakesh.selenium.selenium_with_java.FinalProject" name="radioAndCheckboxTest" time="2.215"/>
  <testcase classname="com.rakesh.selenium.selenium_with_java.FinalProject" name="dropdownTest" time="1.165"/>
  <testcase classname="com.rakesh.selenium.selenium_with_java.FinalProject" name="multiSelectAndExtractText" time="1.226"/>
</testsuite> <!-- Default test -->
